<?xml version="1.0" encoding="UTF-8"?>
<!-- Generated by org.testng.reporters.JUnitReportReporter -->
<testsuite hostname="DESKTOP-PJTLFA3" failures="0" tests="3" name="itcaree4u.PageTest" time="16.288" errors="0" timestamp="2024-03-02T03:11:00 IST" skipped="0">
  <testcase classname="itcaree4u.PageTest" name="Test3" time="6.505"/>
  <system-out/>
  <testcase classname="itcaree4u.PageTest" name="Test1" time="4.675"/>
  <system-out/>
  <testcase classname="itcaree4u.PageTest" name="Test2" time="5.108"/>
  <system-out/>
</testsuite> <!-- itcaree4u.PageTest -->
