<?xml version="1.0" encoding="UTF-8"?>
<!-- Generated by org.testng.reporters.JUnitReportReporter -->
<testsuite hostname="DESKTOP-PJTLFA3" failures="0" tests="4" name="itcaree4u.PageTest" time="22.762" errors="0" timestamp="2024-04-28T05:13:25 IST" skipped="0">
  <testcase classname="itcaree4u.PageTest" name="Test4" time="5.143"/>
  <system-out/>
  <testcase classname="itcaree4u.PageTest" name="Test1" time="4.692"/>
  <system-out/>
  <testcase classname="itcaree4u.PageTest" name="Test2" time="7.828"/>
  <system-out/>
  <testcase classname="itcaree4u.PageTest" name="Test3" time="5.099"/>
  <system-out/>
</testsuite> <!-- itcaree4u.PageTest -->
