<?xml version="1.0" encoding="UTF-8"?>
<!-- Generated by org.testng.reporters.JUnitReportReporter -->
<testsuite hostname="DESKTOP-PJTLFA3" failures="0" tests="3" name="itcaree4u.PageTest" time="15.846" errors="0" timestamp="2024-03-03T13:00:16 IST" skipped="0">
  <testcase classname="itcaree4u.PageTest" name="Test1" time="5.119"/>
  <system-out/>
  <testcase classname="itcaree4u.PageTest" name="Test2" time="5.129"/>
  <system-out/>
  <testcase classname="itcaree4u.PageTest" name="Test3" time="5.598"/>
  <system-out/>
</testsuite> <!-- itcaree4u.PageTest -->
