<?xml version="1.0" encoding="UTF-8"?>
<!-- Generated by org.testng.reporters.JUnitReportReporter -->
<testsuite hostname="DESKTOP-PJTLFA3" failures="0" tests="3" name="itcaree4u.PageTest" time="17.928" errors="0" timestamp="2024-03-05T09:32:58 IST" skipped="0">
  <testcase classname="itcaree4u.PageTest" name="Test1" time="5.434"/>
  <system-out/>
  <testcase classname="itcaree4u.PageTest" name="Test2" time="5.625"/>
  <system-out/>
  <testcase classname="itcaree4u.PageTest" name="Test3" time="6.869"/>
  <system-out/>
</testsuite> <!-- itcaree4u.PageTest -->
