<?xml version="1.0" encoding="UTF-8"?>
<!-- Generated by org.testng.reporters.JUnitReportReporter -->
<testsuite hostname="DESKTOP-PJTLFA3" failures="0" tests="4" name="itcaree4u.PageTest" time="20.204" errors="0" timestamp="2024-04-27T11:51:35 IST" skipped="0">
  <testcase classname="itcaree4u.PageTest" name="Test4" time="4.791"/>
  <system-out/>
  <testcase classname="itcaree4u.PageTest" name="Test2" time="5.545"/>
  <system-out/>
  <testcase classname="itcaree4u.PageTest" name="Test3" time="4.742"/>
  <system-out/>
  <testcase classname="itcaree4u.PageTest" name="Test1" time="5.126"/>
  <system-out/>
</testsuite> <!-- itcaree4u.PageTest -->
